{"level":"info","message":"Rate limit reached"}
{"level":"info","message":"Rate limit reached"}
{"level":"info","message":"Rate limit reached"}
{"level":"info","message":"Rate limit reached"}
{"level":"info","message":"Rate limit reached"}
{"level":"info","message":"Rate limit reached"}
{"level":"info","message":"Rate limit reached"}
{"level":"info","message":"Database cleared"}
{"level":"info","message":"Server running on port 2000"}
{"level":"info","message":"Connected to MongoDB"}
{"level":"info","message":"\nReceived exit signal, shutting down gracefully."}
{"level":"info","message":"Server running on port 2000"}
{"level":"info","message":"Connected to MongoDB"}
{"level":"info","message":"\nReceived exit signal, shutting down gracefully."}
{"level":"info","message":"Server running on port 2000"}
{"level":"info","message":"Connected to MongoDB"}
{"level":"info","message":"\nReceived exit signal, shutting down gracefully."}
{"level":"info","message":"Server running on port 2000"}
{"level":"info","message":"Connected to MongoDB"}
{"level":"info","message":"New client connected: nz4TzbSrW5VUE2-xAAAD"}
{"level":"info","message":"\nReceived exit signal, shutting down gracefully."}
{"level":"info","message":"Server running on port 2000"}
{"level":"info","message":"Connected to MongoDB"}
{"level":"info","message":"New client connected: y4wfvm3TMfRflhSSAAAC"}
{"level":"info","message":"New client connected: AKxSjO-JOr8wRZwaAAAD"}
{"level":"info","message":"New client connected: 7GqXgJLBXZC5JHOmAAAF"}
{"level":"info","message":"New client connected: Q4axZ_XShlEclO-3AAAH"}
{"level":"info","message":"New client connected: RX57XYkbQWaoipFBAAAJ"}
{"level":"info","message":"New client connected: 0MEuBgCzLEkN3HtSAAAL"}
{"level":"info","message":"New client connected: uz6ZY9_CfzP7mrkTAAAN"}
{"level":"info","message":"New client connected: Cm9b1nLcyWJZkKfhAAAP"}
{"level":"info","message":"New client connected: sivTmcMxslvA_EWCAAAR"}
{"level":"info","message":"New client connected: uF98c_xwZdz9XcOVAAAT"}
{"level":"info","message":"\nReceived exit signal, shutting down gracefully."}
{"level":"info","message":"Server running on port 2000"}
{"level":"info","message":"Connected to MongoDB"}
{"level":"info","message":"New client connected: obtkontaqT63IFdKAAAB"}
{"level":"info","message":"New client connected: lBmAHy-J7efyfLgYAAAD"}
{"level":"info","message":"New client connected: GA94-Q2W-fgwaKpeAAAF"}
{"level":"info","message":"Client disconnected: GA94-Q2W-fgwaKpeAAAF"}
{"level":"info","message":"Client disconnected: lBmAHy-J7efyfLgYAAAD"}
{"level":"info","message":"New client connected: e3JpDp8bQSZB3waXAAAH"}
{"level":"info","message":"New client connected: 1giGMVnti6Yl6MIuAAAJ"}
{"level":"info","message":"\nReceived exit signal, shutting down gracefully."}
{"level":"info","message":"Server running on port 2000"}
{"level":"info","message":"Connected to MongoDB"}
{"level":"info","message":"New client connected: 9MqLuBlAfQ3mbRR0AAAC"}
{"level":"info","message":"New client connected: xD9crpJN0PL1mBcYAAAD"}
{"level":"info","message":"New client connected: QyunbFy9AjeiJfXmAAAF"}
{"level":"info","message":"Client disconnected: 9MqLuBlAfQ3mbRR0AAAC"}
{"level":"info","message":"Client disconnected: xD9crpJN0PL1mBcYAAAD"}
{"level":"info","message":"New client connected: qul71RINyOI-YQTkAAAH"}
{"level":"info","message":"New client connected: FyxdG-wT-wuHpFgNAAAJ"}
{"level":"info","message":"Greeting deleted from client: qul71RINyOI-YQTkAAAH"}
{"level":"info","message":"Greeting deleted from client: qul71RINyOI-YQTkAAAH"}
{"level":"info","message":"Greeting sent from client: qul71RINyOI-YQTkAAAH"}
{"level":"info","message":"Greeting sent from client: qul71RINyOI-YQTkAAAH"}
{"level":"info","message":"\nReceived exit signal, shutting down gracefully."}
{"level":"info","message":"Server running on port 2000"}
{"level":"info","message":"Connected to MongoDB"}
{"level":"info","message":"New client connected: 7JKwkL4JghA5feAJAAAC"}
{"level":"info","message":"New client connected: 5TBNaNOiajP1LydxAAAD"}
{"level":"info","message":"New client connected: 7OWuMDzIMoAruQZJAAAF"}
{"level":"info","message":"Client disconnected: 7JKwkL4JghA5feAJAAAC"}
{"level":"info","message":"Client disconnected: 5TBNaNOiajP1LydxAAAD"}
{"level":"info","message":"New client connected: HIkyB4WkJOxxHe9GAAAI"}
{"level":"info","message":"New client connected: gPqpkMk0b-n10ZuPAAAJ"}
{"level":"info","message":"Greeting deleted from client: HIkyB4WkJOxxHe9GAAAI"}
{"level":"info","message":"Server running on port 2000"}
{"level":"info","message":"Server running on port 2000"}
{"level":"info","message":"Connected to MongoDB"}
{"level":"info","message":"New client connected: tcZlXpbotzz4BgckAAAB"}
{"level":"info","message":"New client connected: FRvKvnZJqS8d7MJ_AAAD"}
{"$__":{"activePaths":{"paths":{"_id":"default","email":"modify","isVerified":"default","password":"modify","role":"modify","username":"modify"},"states":{"default":{"_id":true,"isVerified":true},"modify":{"email":true,"password":true,"role":true,"username":true},"require":{}}}},"_doc":{"_id":"6535292976d3db78fbc95f3e","email":"admin@admin.fr","isVerified":false,"password":"$2a$12$2ylcB5M2Zh7Y36SAGCk1Ve58AykfKCeTYmmAK0XF1PRptr5WqKdTu","role":"user","username":"Admin"},"level":"info","message":"New User:"}
{"level":"info","message":"Email successfully sent to admin@admin.fr"}
{"$__":{"activePaths":{"paths":{"_id":"default","email":"modify","isVerified":"default","password":"modify","role":"modify","username":"modify"},"states":{"default":{"_id":true,"isVerified":true},"modify":{"email":true,"password":true,"role":true,"username":true},"require":{}}}},"_doc":{"_id":"65352a1b76d3db78fbc95f46","email":"user@user.fr","isVerified":false,"password":"$2a$12$Rd43bsIzTi3Dlwq7rgNCWuRHqOap82AdMCSSbFxYjqWmhG0hfBp/6","role":"user","username":"User"},"level":"info","message":"New User:"}
{"level":"info","message":"Email successfully sent to user@user.fr"}
{"level":"info","message":"Client disconnected: FRvKvnZJqS8d7MJ_AAAD"}
{"level":"info","message":"New client connected: gHtmIPkCOliml6hhAAAF"}
{"level":"info","message":"Client disconnected: gHtmIPkCOliml6hhAAAF"}
{"level":"info","message":"New client connected: oagXRVO0wKBndzbcAAAH"}
{"level":"info","message":"Client disconnected: oagXRVO0wKBndzbcAAAH"}
{"level":"info","message":"New client connected: 2eejdZp9rbJ-fAE4AAAJ"}
{"level":"info","message":"New client connected: 0rlY68_2UrVume9pAAAL"}
{"level":"info","message":"Client disconnected: 0rlY68_2UrVume9pAAAL"}
{"$__":{"activePaths":{"paths":{"_id":"default","email":"modify","isVerified":"default","password":"modify","role":"modify","username":"modify"},"states":{"default":{"_id":true,"isVerified":true},"modify":{"email":true,"password":true,"role":true,"username":true},"require":{}}}},"_doc":{"_id":"65352af876d3db78fbc95f5e","email":"m0jewx33@example.com","isVerified":false,"password":"$2a$12$Fscuay9TXSqh/huil4XHmOzLXHLEilamG.okDu1E5o6X5HozQUyNq","role":"user","username":"qD351MoD"},"level":"info","message":"New User:"}
{"level":"info","message":"Email successfully sent to m0jewx33@example.com"}
{"level":"info","name":"EMAIL_EXIST","statusCode":400}
{"level":"info","message":"error from authRoutes EMAIL_NOT_VERIFIED","name":"EMAIL_NOT_VERIFIED","stack":"EMAIL_NOT_VERIFIED: EMAIL_NOT_VERIFIED\n    at throwError (file:///C:/wamp64/www/BoilerPlateSvelteKit/backend/services/authService.ts:33:9)\n    at file:///C:/wamp64/www/BoilerPlateSvelteKit/backend/services/authService.ts:208:5\n    at Generator.next (<anonymous>)\n    at fulfilled (file:///C:/wamp64/www/BoilerPlateSvelteKit/backend/services/authService.ts:4:58)\n    at processTicksAndRejections (node:internal/process/task_queues:95:5)","statusCode":401}
{"level":"info","message":"error from authRoutes INVALID_CREDENTIALS","name":"INVALID_CREDENTIALS","stack":"INVALID_CREDENTIALS: INVALID_CREDENTIALS\n    at throwError (file:///C:/wamp64/www/BoilerPlateSvelteKit/backend/services/authService.ts:33:9)\n    at file:///C:/wamp64/www/BoilerPlateSvelteKit/backend/services/authService.ts:215:5\n    at Generator.next (<anonymous>)\n    at fulfilled (file:///C:/wamp64/www/BoilerPlateSvelteKit/backend/services/authService.ts:4:58)","statusCode":401}
{"level":"info","message":"Email successfully sent to m0jewx33@example.com"}
{"level":"info","message":"New client connected: a32O5I1bBDJ7RF5LAAAN"}
{"level":"info","message":"Client disconnected: a32O5I1bBDJ7RF5LAAAN"}
{"level":"info","message":"Database cleared"}
{"level":"info","message":"Default users inserted"}
{"level":"info","message":"error from authRoutes EMAIL_NOT_VERIFIED","name":"EMAIL_NOT_VERIFIED","stack":"EMAIL_NOT_VERIFIED: EMAIL_NOT_VERIFIED\n    at throwError (file:///C:/wamp64/www/BoilerPlateSvelteKit/backend/services/authService.ts:33:9)\n    at file:///C:/wamp64/www/BoilerPlateSvelteKit/backend/services/authService.ts:208:5\n    at Generator.next (<anonymous>)\n    at fulfilled (file:///C:/wamp64/www/BoilerPlateSvelteKit/backend/services/authService.ts:4:58)\n    at processTicksAndRejections (node:internal/process/task_queues:95:5)","statusCode":401}
{"level":"info","message":"Database cleared"}
{"level":"info","message":"Default users inserted"}
{"level":"info","message":"error from authRoutes INVALID_CREDENTIALS","name":"INVALID_CREDENTIALS","stack":"INVALID_CREDENTIALS: INVALID_CREDENTIALS\n    at throwError (file:///C:/wamp64/www/BoilerPlateSvelteKit/backend/services/authService.ts:33:9)\n    at file:///C:/wamp64/www/BoilerPlateSvelteKit/backend/services/authService.ts:215:5\n    at Generator.next (<anonymous>)\n    at fulfilled (file:///C:/wamp64/www/BoilerPlateSvelteKit/backend/services/authService.ts:4:58)","statusCode":401}
{"level":"info","message":"error from authRoutes INVALID_CREDENTIALS","name":"INVALID_CREDENTIALS","stack":"INVALID_CREDENTIALS: INVALID_CREDENTIALS\n    at throwError (file:///C:/wamp64/www/BoilerPlateSvelteKit/backend/services/authService.ts:33:9)\n    at file:///C:/wamp64/www/BoilerPlateSvelteKit/backend/services/authService.ts:215:5\n    at Generator.next (<anonymous>)\n    at fulfilled (file:///C:/wamp64/www/BoilerPlateSvelteKit/backend/services/authService.ts:4:58)","statusCode":401}
{"level":"info","message":"Client disconnected: 2eejdZp9rbJ-fAE4AAAJ"}
{"level":"info","message":"error from authRoutes INVALID_CREDENTIALS","name":"INVALID_CREDENTIALS","stack":"INVALID_CREDENTIALS: INVALID_CREDENTIALS\n    at throwError (file:///C:/wamp64/www/BoilerPlateSvelteKit/backend/services/authService.ts:33:9)\n    at file:///C:/wamp64/www/BoilerPlateSvelteKit/backend/services/authService.ts:215:5\n    at Generator.next (<anonymous>)\n    at fulfilled (file:///C:/wamp64/www/BoilerPlateSvelteKit/backend/services/authService.ts:4:58)","statusCode":401}
{"level":"info","message":"New client connected: t--fZsdIDLCRoWpBAAAP"}
{"level":"info","message":"error from authRoutes INVALID_CREDENTIALS","name":"INVALID_CREDENTIALS","stack":"INVALID_CREDENTIALS: INVALID_CREDENTIALS\n    at throwError (file:///C:/wamp64/www/BoilerPlateSvelteKit/backend/services/authService.ts:33:9)\n    at file:///C:/wamp64/www/BoilerPlateSvelteKit/backend/services/authService.ts:215:5\n    at Generator.next (<anonymous>)\n    at fulfilled (file:///C:/wamp64/www/BoilerPlateSvelteKit/backend/services/authService.ts:4:58)","statusCode":401}
{"level":"info","message":"Database cleared"}
{"level":"info","message":"Default users inserted"}
{"level":"info","message":"Server running on port 2000"}
{"level":"info","message":"Connected to MongoDB"}
{"level":"info","message":"New client connected: A6772tTnSVQhNSh3AAAB"}
{"level":"info","message":"New client connected: KXPcJVeZU0x9QHNvAAAD"}
{"level":"info","message":"Client disconnected: KXPcJVeZU0x9QHNvAAAD"}
{"level":"info","message":"New client connected: TbBIjeWaSNa6hQAcAAAF"}
{"level":"info","message":"\nReceived exit signal, shutting down gracefully."}
{"level":"info","message":"Server running on port 2000"}
{"level":"info","message":"Connected to MongoDB"}
{"level":"info","message":"New client connected: hzdAY7HI75dxEQyLAAAB"}
{"level":"info","message":"New client connected: _oPzU1uXm8hq4aUhAAAD"}
{"level":"info","message":"Client disconnected: hzdAY7HI75dxEQyLAAAB"}
{"level":"info","message":"New client connected: Bdhaq6CWML74DvW2AAAF"}
{"level":"info","message":"\nReceived exit signal, shutting down gracefully."}
{"level":"info","message":"Server running on port 2000"}
{"level":"info","message":"Connected to MongoDB"}
{"level":"info","message":"New client connected: eHTehfxxGvBu_SuAAAAC"}
{"level":"info","message":"New client connected: 62_EKR2ZMkX4wxJcAAAD"}
{"level":"info","message":"\nReceived exit signal, shutting down gracefully."}
{"level":"info","message":"Server running on port 2000"}
{"level":"info","message":"Connected to MongoDB"}
{"level":"info","message":"New client connected: KqMe5vASKwzuBuXaAAAB"}
{"level":"info","message":"New client connected: rSlGPumu5C4vmUQ4AAAD"}
{"level":"info","message":"Client disconnected: KqMe5vASKwzuBuXaAAAB"}
{"level":"info","message":"New client connected: PZo1usLvS2YHLSa_AAAF"}
{"level":"info","message":"Client disconnected: PZo1usLvS2YHLSa_AAAF"}
{"level":"info","message":"New client connected: F9dbhEj6tQqK6CIOAAAH"}
{"level":"info","message":"Greeting sent from client: F9dbhEj6tQqK6CIOAAAH"}
{"level":"info","message":"Greeting sent from client: F9dbhEj6tQqK6CIOAAAH"}
{"level":"info","message":"\nReceived exit signal, shutting down gracefully."}
{"level":"info","message":"Server running on port 2000"}
{"level":"info","message":"Connected to MongoDB"}
{"level":"info","message":"New client connected: nNTpC8W8258xggukAAAB"}
{"level":"info","message":"New client connected: UHdfCipPxGNcz_GfAAAD"}
{"level":"info","message":"Client disconnected: nNTpC8W8258xggukAAAB"}
{"level":"info","message":"New client connected: ugc8vB-X8VhcSpyPAAAF"}
{"level":"info","message":"Greeting deleted from client: ugc8vB-X8VhcSpyPAAAF"}
{"level":"info","message":"Greeting deleted from client: ugc8vB-X8VhcSpyPAAAF"}
{"level":"info","message":"Greeting deleted from client: ugc8vB-X8VhcSpyPAAAF"}
{"level":"info","message":"Greeting deleted from client: ugc8vB-X8VhcSpyPAAAF"}
{"level":"info","message":"Greeting deleted from client: ugc8vB-X8VhcSpyPAAAF"}
{"level":"info","message":"Greeting deleted from client: ugc8vB-X8VhcSpyPAAAF"}
{"level":"info","message":"Greeting deleted from client: ugc8vB-X8VhcSpyPAAAF"}
{"level":"info","message":"Greeting deleted from client: ugc8vB-X8VhcSpyPAAAF"}
{"level":"info","message":"Greeting sent from client: ugc8vB-X8VhcSpyPAAAF"}
{"level":"info","message":"\nReceived exit signal, shutting down gracefully."}
{"level":"info","message":"Server running on port 2000"}
{"level":"info","message":"Connected to MongoDB"}
{"level":"info","message":"New client connected: 6sDz5QelCkaJBgLVAAAB"}
{"level":"info","message":"New client connected: uxOh6uD37ZSdRPmHAAAD"}
{"level":"info","message":"Client disconnected: 6sDz5QelCkaJBgLVAAAB"}
{"level":"info","message":"New client connected: sy84EoW66dLU9EBAAAAF"}
{"level":"info","message":"error from authRoutes INVALID_CREDENTIALS","name":"INVALID_CREDENTIALS","stack":"INVALID_CREDENTIALS: INVALID_CREDENTIALS\n    at throwError (file:///C:/wamp64/www/BoilerPlateSvelteKit/backend/services/authService.ts:33:9)\n    at file:///C:/wamp64/www/BoilerPlateSvelteKit/backend/services/authService.ts:203:5\n    at Generator.next (<anonymous>)\n    at fulfilled (file:///C:/wamp64/www/BoilerPlateSvelteKit/backend/services/authService.ts:4:58)\n    at processTicksAndRejections (node:internal/process/task_queues:95:5)","statusCode":401}
{"level":"info","message":"error from authRoutes INVALID_CREDENTIALS","name":"INVALID_CREDENTIALS","stack":"INVALID_CREDENTIALS: INVALID_CREDENTIALS\n    at throwError (file:///C:/wamp64/www/BoilerPlateSvelteKit/backend/services/authService.ts:33:9)\n    at file:///C:/wamp64/www/BoilerPlateSvelteKit/backend/services/authService.ts:203:5\n    at Generator.next (<anonymous>)\n    at fulfilled (file:///C:/wamp64/www/BoilerPlateSvelteKit/backend/services/authService.ts:4:58)\n    at processTicksAndRejections (node:internal/process/task_queues:95:5)","statusCode":401}
{"level":"info","message":"error from authRoutes INVALID_CREDENTIALS","name":"INVALID_CREDENTIALS","stack":"INVALID_CREDENTIALS: INVALID_CREDENTIALS\n    at throwError (file:///C:/wamp64/www/BoilerPlateSvelteKit/backend/services/authService.ts:33:9)\n    at file:///C:/wamp64/www/BoilerPlateSvelteKit/backend/services/authService.ts:203:5\n    at Generator.next (<anonymous>)\n    at fulfilled (file:///C:/wamp64/www/BoilerPlateSvelteKit/backend/services/authService.ts:4:58)\n    at processTicksAndRejections (node:internal/process/task_queues:95:5)","statusCode":401}
{"level":"info","message":"error from authRoutes INVALID_CREDENTIALS","name":"INVALID_CREDENTIALS","stack":"INVALID_CREDENTIALS: INVALID_CREDENTIALS\n    at throwError (file:///C:/wamp64/www/BoilerPlateSvelteKit/backend/services/authService.ts:33:9)\n    at file:///C:/wamp64/www/BoilerPlateSvelteKit/backend/services/authService.ts:203:5\n    at Generator.next (<anonymous>)\n    at fulfilled (file:///C:/wamp64/www/BoilerPlateSvelteKit/backend/services/authService.ts:4:58)\n    at processTicksAndRejections (node:internal/process/task_queues:95:5)","statusCode":401}
{"level":"info","message":"error from authRoutes INVALID_CREDENTIALS","name":"INVALID_CREDENTIALS","stack":"INVALID_CREDENTIALS: INVALID_CREDENTIALS\n    at throwError (file:///C:/wamp64/www/BoilerPlateSvelteKit/backend/services/authService.ts:33:9)\n    at file:///C:/wamp64/www/BoilerPlateSvelteKit/backend/services/authService.ts:203:5\n    at Generator.next (<anonymous>)\n    at fulfilled (file:///C:/wamp64/www/BoilerPlateSvelteKit/backend/services/authService.ts:4:58)\n    at processTicksAndRejections (node:internal/process/task_queues:95:5)","statusCode":401}
{"level":"info","message":"error from authRoutes INVALID_CREDENTIALS","name":"INVALID_CREDENTIALS","stack":"INVALID_CREDENTIALS: INVALID_CREDENTIALS\n    at throwError (file:///C:/wamp64/www/BoilerPlateSvelteKit/backend/services/authService.ts:33:9)\n    at file:///C:/wamp64/www/BoilerPlateSvelteKit/backend/services/authService.ts:203:5\n    at Generator.next (<anonymous>)\n    at fulfilled (file:///C:/wamp64/www/BoilerPlateSvelteKit/backend/services/authService.ts:4:58)\n    at processTicksAndRejections (node:internal/process/task_queues:95:5)","statusCode":401}
{"level":"info","message":"error from authRoutes INVALID_CREDENTIALS","name":"INVALID_CREDENTIALS","stack":"INVALID_CREDENTIALS: INVALID_CREDENTIALS\n    at throwError (file:///C:/wamp64/www/BoilerPlateSvelteKit/backend/services/authService.ts:33:9)\n    at file:///C:/wamp64/www/BoilerPlateSvelteKit/backend/services/authService.ts:203:5\n    at Generator.next (<anonymous>)\n    at fulfilled (file:///C:/wamp64/www/BoilerPlateSvelteKit/backend/services/authService.ts:4:58)\n    at processTicksAndRejections (node:internal/process/task_queues:95:5)","statusCode":401}
{"level":"info","message":"error from authRoutes INVALID_CREDENTIALS","name":"INVALID_CREDENTIALS","stack":"INVALID_CREDENTIALS: INVALID_CREDENTIALS\n    at throwError (file:///C:/wamp64/www/BoilerPlateSvelteKit/backend/services/authService.ts:33:9)\n    at file:///C:/wamp64/www/BoilerPlateSvelteKit/backend/services/authService.ts:203:5\n    at Generator.next (<anonymous>)\n    at fulfilled (file:///C:/wamp64/www/BoilerPlateSvelteKit/backend/services/authService.ts:4:58)\n    at processTicksAndRejections (node:internal/process/task_queues:95:5)","statusCode":401}
{"level":"info","message":"error from authRoutes INVALID_CREDENTIALS","name":"INVALID_CREDENTIALS","stack":"INVALID_CREDENTIALS: INVALID_CREDENTIALS\n    at throwError (file:///C:/wamp64/www/BoilerPlateSvelteKit/backend/services/authService.ts:33:9)\n    at file:///C:/wamp64/www/BoilerPlateSvelteKit/backend/services/authService.ts:203:5\n    at Generator.next (<anonymous>)\n    at fulfilled (file:///C:/wamp64/www/BoilerPlateSvelteKit/backend/services/authService.ts:4:58)\n    at processTicksAndRejections (node:internal/process/task_queues:95:5)","statusCode":401}
{"level":"info","message":"error from authRoutes INVALID_CREDENTIALS","name":"INVALID_CREDENTIALS","stack":"INVALID_CREDENTIALS: INVALID_CREDENTIALS\n    at throwError (file:///C:/wamp64/www/BoilerPlateSvelteKit/backend/services/authService.ts:33:9)\n    at file:///C:/wamp64/www/BoilerPlateSvelteKit/backend/services/authService.ts:203:5\n    at Generator.next (<anonymous>)\n    at fulfilled (file:///C:/wamp64/www/BoilerPlateSvelteKit/backend/services/authService.ts:4:58)\n    at processTicksAndRejections (node:internal/process/task_queues:95:5)","statusCode":401}
{"level":"info","message":"error from authRoutes INVALID_CREDENTIALS","name":"INVALID_CREDENTIALS","stack":"INVALID_CREDENTIALS: INVALID_CREDENTIALS\n    at throwError (file:///C:/wamp64/www/BoilerPlateSvelteKit/backend/services/authService.ts:33:9)\n    at file:///C:/wamp64/www/BoilerPlateSvelteKit/backend/services/authService.ts:203:5\n    at Generator.next (<anonymous>)\n    at fulfilled (file:///C:/wamp64/www/BoilerPlateSvelteKit/backend/services/authService.ts:4:58)\n    at processTicksAndRejections (node:internal/process/task_queues:95:5)","statusCode":401}
{"level":"info","message":"error from authRoutes INVALID_CREDENTIALS","name":"INVALID_CREDENTIALS","stack":"INVALID_CREDENTIALS: INVALID_CREDENTIALS\n    at throwError (file:///C:/wamp64/www/BoilerPlateSvelteKit/backend/services/authService.ts:33:9)\n    at file:///C:/wamp64/www/BoilerPlateSvelteKit/backend/services/authService.ts:203:5\n    at Generator.next (<anonymous>)\n    at fulfilled (file:///C:/wamp64/www/BoilerPlateSvelteKit/backend/services/authService.ts:4:58)\n    at processTicksAndRejections (node:internal/process/task_queues:95:5)","statusCode":401}
{"level":"info","message":"error from authRoutes INVALID_CREDENTIALS","name":"INVALID_CREDENTIALS","stack":"INVALID_CREDENTIALS: INVALID_CREDENTIALS\n    at throwError (file:///C:/wamp64/www/BoilerPlateSvelteKit/backend/services/authService.ts:33:9)\n    at file:///C:/wamp64/www/BoilerPlateSvelteKit/backend/services/authService.ts:203:5\n    at Generator.next (<anonymous>)\n    at fulfilled (file:///C:/wamp64/www/BoilerPlateSvelteKit/backend/services/authService.ts:4:58)\n    at processTicksAndRejections (node:internal/process/task_queues:95:5)","statusCode":401}
{"level":"info","message":"error from authRoutes INVALID_CREDENTIALS","name":"INVALID_CREDENTIALS","stack":"INVALID_CREDENTIALS: INVALID_CREDENTIALS\n    at throwError (file:///C:/wamp64/www/BoilerPlateSvelteKit/backend/services/authService.ts:33:9)\n    at file:///C:/wamp64/www/BoilerPlateSvelteKit/backend/services/authService.ts:203:5\n    at Generator.next (<anonymous>)\n    at fulfilled (file:///C:/wamp64/www/BoilerPlateSvelteKit/backend/services/authService.ts:4:58)\n    at processTicksAndRejections (node:internal/process/task_queues:95:5)","statusCode":401}
{"level":"info","message":"error from authRoutes INVALID_CREDENTIALS","name":"INVALID_CREDENTIALS","stack":"INVALID_CREDENTIALS: INVALID_CREDENTIALS\n    at throwError (file:///C:/wamp64/www/BoilerPlateSvelteKit/backend/services/authService.ts:33:9)\n    at file:///C:/wamp64/www/BoilerPlateSvelteKit/backend/services/authService.ts:203:5\n    at Generator.next (<anonymous>)\n    at fulfilled (file:///C:/wamp64/www/BoilerPlateSvelteKit/backend/services/authService.ts:4:58)\n    at processTicksAndRejections (node:internal/process/task_queues:95:5)","statusCode":401}
{"level":"info","message":"error from authRoutes INVALID_CREDENTIALS","name":"INVALID_CREDENTIALS","stack":"INVALID_CREDENTIALS: INVALID_CREDENTIALS\n    at throwError (file:///C:/wamp64/www/BoilerPlateSvelteKit/backend/services/authService.ts:33:9)\n    at file:///C:/wamp64/www/BoilerPlateSvelteKit/backend/services/authService.ts:203:5\n    at Generator.next (<anonymous>)\n    at fulfilled (file:///C:/wamp64/www/BoilerPlateSvelteKit/backend/services/authService.ts:4:58)\n    at processTicksAndRejections (node:internal/process/task_queues:95:5)","statusCode":401}
{"level":"info","message":"error from authRoutes INVALID_CREDENTIALS","name":"INVALID_CREDENTIALS","stack":"INVALID_CREDENTIALS: INVALID_CREDENTIALS\n    at throwError (file:///C:/wamp64/www/BoilerPlateSvelteKit/backend/services/authService.ts:33:9)\n    at file:///C:/wamp64/www/BoilerPlateSvelteKit/backend/services/authService.ts:203:5\n    at Generator.next (<anonymous>)\n    at fulfilled (file:///C:/wamp64/www/BoilerPlateSvelteKit/backend/services/authService.ts:4:58)\n    at processTicksAndRejections (node:internal/process/task_queues:95:5)","statusCode":401}
{"level":"info","message":"error from authRoutes INVALID_CREDENTIALS","name":"INVALID_CREDENTIALS","stack":"INVALID_CREDENTIALS: INVALID_CREDENTIALS\n    at throwError (file:///C:/wamp64/www/BoilerPlateSvelteKit/backend/services/authService.ts:33:9)\n    at file:///C:/wamp64/www/BoilerPlateSvelteKit/backend/services/authService.ts:203:5\n    at Generator.next (<anonymous>)\n    at fulfilled (file:///C:/wamp64/www/BoilerPlateSvelteKit/backend/services/authService.ts:4:58)\n    at processTicksAndRejections (node:internal/process/task_queues:95:5)","statusCode":401}
{"level":"info","message":"error from authRoutes INVALID_CREDENTIALS","name":"INVALID_CREDENTIALS","stack":"INVALID_CREDENTIALS: INVALID_CREDENTIALS\n    at throwError (file:///C:/wamp64/www/BoilerPlateSvelteKit/backend/services/authService.ts:33:9)\n    at file:///C:/wamp64/www/BoilerPlateSvelteKit/backend/services/authService.ts:203:5\n    at Generator.next (<anonymous>)\n    at fulfilled (file:///C:/wamp64/www/BoilerPlateSvelteKit/backend/services/authService.ts:4:58)\n    at processTicksAndRejections (node:internal/process/task_queues:95:5)","statusCode":401}
{"level":"info","message":"error from authRoutes INVALID_CREDENTIALS","name":"INVALID_CREDENTIALS","stack":"INVALID_CREDENTIALS: INVALID_CREDENTIALS\n    at throwError (file:///C:/wamp64/www/BoilerPlateSvelteKit/backend/services/authService.ts:33:9)\n    at file:///C:/wamp64/www/BoilerPlateSvelteKit/backend/services/authService.ts:203:5\n    at Generator.next (<anonymous>)\n    at fulfilled (file:///C:/wamp64/www/BoilerPlateSvelteKit/backend/services/authService.ts:4:58)\n    at processTicksAndRejections (node:internal/process/task_queues:95:5)","statusCode":401}
{"level":"info","message":"error from authRoutes INVALID_CREDENTIALS","name":"INVALID_CREDENTIALS","stack":"INVALID_CREDENTIALS: INVALID_CREDENTIALS\n    at throwError (file:///C:/wamp64/www/BoilerPlateSvelteKit/backend/services/authService.ts:33:9)\n    at file:///C:/wamp64/www/BoilerPlateSvelteKit/backend/services/authService.ts:203:5\n    at Generator.next (<anonymous>)\n    at fulfilled (file:///C:/wamp64/www/BoilerPlateSvelteKit/backend/services/authService.ts:4:58)\n    at processTicksAndRejections (node:internal/process/task_queues:95:5)","statusCode":401}
{"level":"info","message":"error from authRoutes INVALID_CREDENTIALS","name":"INVALID_CREDENTIALS","stack":"INVALID_CREDENTIALS: INVALID_CREDENTIALS\n    at throwError (file:///C:/wamp64/www/BoilerPlateSvelteKit/backend/services/authService.ts:33:9)\n    at file:///C:/wamp64/www/BoilerPlateSvelteKit/backend/services/authService.ts:203:5\n    at Generator.next (<anonymous>)\n    at fulfilled (file:///C:/wamp64/www/BoilerPlateSvelteKit/backend/services/authService.ts:4:58)\n    at processTicksAndRejections (node:internal/process/task_queues:95:5)","statusCode":401}
{"level":"info","message":"error from authRoutes INVALID_CREDENTIALS","name":"INVALID_CREDENTIALS","stack":"INVALID_CREDENTIALS: INVALID_CREDENTIALS\n    at throwError (file:///C:/wamp64/www/BoilerPlateSvelteKit/backend/services/authService.ts:33:9)\n    at file:///C:/wamp64/www/BoilerPlateSvelteKit/backend/services/authService.ts:203:5\n    at Generator.next (<anonymous>)\n    at fulfilled (file:///C:/wamp64/www/BoilerPlateSvelteKit/backend/services/authService.ts:4:58)\n    at processTicksAndRejections (node:internal/process/task_queues:95:5)","statusCode":401}
{"level":"info","message":"error from authRoutes INVALID_CREDENTIALS","name":"INVALID_CREDENTIALS","stack":"INVALID_CREDENTIALS: INVALID_CREDENTIALS\n    at throwError (file:///C:/wamp64/www/BoilerPlateSvelteKit/backend/services/authService.ts:33:9)\n    at file:///C:/wamp64/www/BoilerPlateSvelteKit/backend/services/authService.ts:203:5\n    at Generator.next (<anonymous>)\n    at fulfilled (file:///C:/wamp64/www/BoilerPlateSvelteKit/backend/services/authService.ts:4:58)\n    at processTicksAndRejections (node:internal/process/task_queues:95:5)","statusCode":401}
{"level":"info","message":"error from authRoutes INVALID_CREDENTIALS","name":"INVALID_CREDENTIALS","stack":"INVALID_CREDENTIALS: INVALID_CREDENTIALS\n    at throwError (file:///C:/wamp64/www/BoilerPlateSvelteKit/backend/services/authService.ts:33:9)\n    at file:///C:/wamp64/www/BoilerPlateSvelteKit/backend/services/authService.ts:203:5\n    at Generator.next (<anonymous>)\n    at fulfilled (file:///C:/wamp64/www/BoilerPlateSvelteKit/backend/services/authService.ts:4:58)\n    at processTicksAndRejections (node:internal/process/task_queues:95:5)","statusCode":401}
{"level":"info","message":"error from authRoutes INVALID_CREDENTIALS","name":"INVALID_CREDENTIALS","stack":"INVALID_CREDENTIALS: INVALID_CREDENTIALS\n    at throwError (file:///C:/wamp64/www/BoilerPlateSvelteKit/backend/services/authService.ts:33:9)\n    at file:///C:/wamp64/www/BoilerPlateSvelteKit/backend/services/authService.ts:203:5\n    at Generator.next (<anonymous>)\n    at fulfilled (file:///C:/wamp64/www/BoilerPlateSvelteKit/backend/services/authService.ts:4:58)\n    at processTicksAndRejections (node:internal/process/task_queues:95:5)","statusCode":401}
{"level":"info","message":"error from authRoutes INVALID_CREDENTIALS","name":"INVALID_CREDENTIALS","stack":"INVALID_CREDENTIALS: INVALID_CREDENTIALS\n    at throwError (file:///C:/wamp64/www/BoilerPlateSvelteKit/backend/services/authService.ts:33:9)\n    at file:///C:/wamp64/www/BoilerPlateSvelteKit/backend/services/authService.ts:203:5\n    at Generator.next (<anonymous>)\n    at fulfilled (file:///C:/wamp64/www/BoilerPlateSvelteKit/backend/services/authService.ts:4:58)\n    at processTicksAndRejections (node:internal/process/task_queues:95:5)","statusCode":401}
{"level":"info","message":"error from authRoutes INVALID_CREDENTIALS","name":"INVALID_CREDENTIALS","stack":"INVALID_CREDENTIALS: INVALID_CREDENTIALS\n    at throwError (file:///C:/wamp64/www/BoilerPlateSvelteKit/backend/services/authService.ts:33:9)\n    at file:///C:/wamp64/www/BoilerPlateSvelteKit/backend/services/authService.ts:203:5\n    at Generator.next (<anonymous>)\n    at fulfilled (file:///C:/wamp64/www/BoilerPlateSvelteKit/backend/services/authService.ts:4:58)\n    at processTicksAndRejections (node:internal/process/task_queues:95:5)","statusCode":401}
{"level":"info","message":"error from authRoutes INVALID_CREDENTIALS","name":"INVALID_CREDENTIALS","stack":"INVALID_CREDENTIALS: INVALID_CREDENTIALS\n    at throwError (file:///C:/wamp64/www/BoilerPlateSvelteKit/backend/services/authService.ts:33:9)\n    at file:///C:/wamp64/www/BoilerPlateSvelteKit/backend/services/authService.ts:203:5\n    at Generator.next (<anonymous>)\n    at fulfilled (file:///C:/wamp64/www/BoilerPlateSvelteKit/backend/services/authService.ts:4:58)\n    at processTicksAndRejections (node:internal/process/task_queues:95:5)","statusCode":401}
{"level":"info","message":"error from authRoutes INVALID_CREDENTIALS","name":"INVALID_CREDENTIALS","stack":"INVALID_CREDENTIALS: INVALID_CREDENTIALS\n    at throwError (file:///C:/wamp64/www/BoilerPlateSvelteKit/backend/services/authService.ts:33:9)\n    at file:///C:/wamp64/www/BoilerPlateSvelteKit/backend/services/authService.ts:203:5\n    at Generator.next (<anonymous>)\n    at fulfilled (file:///C:/wamp64/www/BoilerPlateSvelteKit/backend/services/authService.ts:4:58)\n    at processTicksAndRejections (node:internal/process/task_queues:95:5)","statusCode":401}
{"level":"info","message":"error from authRoutes INVALID_CREDENTIALS","name":"INVALID_CREDENTIALS","stack":"INVALID_CREDENTIALS: INVALID_CREDENTIALS\n    at throwError (file:///C:/wamp64/www/BoilerPlateSvelteKit/backend/services/authService.ts:33:9)\n    at file:///C:/wamp64/www/BoilerPlateSvelteKit/backend/services/authService.ts:203:5\n    at Generator.next (<anonymous>)\n    at fulfilled (file:///C:/wamp64/www/BoilerPlateSvelteKit/backend/services/authService.ts:4:58)\n    at processTicksAndRejections (node:internal/process/task_queues:95:5)","statusCode":401}
{"level":"info","message":"error from authRoutes INVALID_CREDENTIALS","name":"INVALID_CREDENTIALS","stack":"INVALID_CREDENTIALS: INVALID_CREDENTIALS\n    at throwError (file:///C:/wamp64/www/BoilerPlateSvelteKit/backend/services/authService.ts:33:9)\n    at file:///C:/wamp64/www/BoilerPlateSvelteKit/backend/services/authService.ts:203:5\n    at Generator.next (<anonymous>)\n    at fulfilled (file:///C:/wamp64/www/BoilerPlateSvelteKit/backend/services/authService.ts:4:58)\n    at processTicksAndRejections (node:internal/process/task_queues:95:5)","statusCode":401}
{"level":"info","message":"error from authRoutes INVALID_CREDENTIALS","name":"INVALID_CREDENTIALS","stack":"INVALID_CREDENTIALS: INVALID_CREDENTIALS\n    at throwError (file:///C:/wamp64/www/BoilerPlateSvelteKit/backend/services/authService.ts:33:9)\n    at file:///C:/wamp64/www/BoilerPlateSvelteKit/backend/services/authService.ts:203:5\n    at Generator.next (<anonymous>)\n    at fulfilled (file:///C:/wamp64/www/BoilerPlateSvelteKit/backend/services/authService.ts:4:58)\n    at processTicksAndRejections (node:internal/process/task_queues:95:5)","statusCode":401}
{"level":"info","message":"error from authRoutes INVALID_CREDENTIALS","name":"INVALID_CREDENTIALS","stack":"INVALID_CREDENTIALS: INVALID_CREDENTIALS\n    at throwError (file:///C:/wamp64/www/BoilerPlateSvelteKit/backend/services/authService.ts:33:9)\n    at file:///C:/wamp64/www/BoilerPlateSvelteKit/backend/services/authService.ts:203:5\n    at Generator.next (<anonymous>)\n    at fulfilled (file:///C:/wamp64/www/BoilerPlateSvelteKit/backend/services/authService.ts:4:58)\n    at processTicksAndRejections (node:internal/process/task_queues:95:5)","statusCode":401}
{"level":"info","message":"error from authRoutes INVALID_CREDENTIALS","name":"INVALID_CREDENTIALS","stack":"INVALID_CREDENTIALS: INVALID_CREDENTIALS\n    at throwError (file:///C:/wamp64/www/BoilerPlateSvelteKit/backend/services/authService.ts:33:9)\n    at file:///C:/wamp64/www/BoilerPlateSvelteKit/backend/services/authService.ts:203:5\n    at Generator.next (<anonymous>)\n    at fulfilled (file:///C:/wamp64/www/BoilerPlateSvelteKit/backend/services/authService.ts:4:58)\n    at processTicksAndRejections (node:internal/process/task_queues:95:5)","statusCode":401}
{"level":"info","message":"error from authRoutes INVALID_CREDENTIALS","name":"INVALID_CREDENTIALS","stack":"INVALID_CREDENTIALS: INVALID_CREDENTIALS\n    at throwError (file:///C:/wamp64/www/BoilerPlateSvelteKit/backend/services/authService.ts:33:9)\n    at file:///C:/wamp64/www/BoilerPlateSvelteKit/backend/services/authService.ts:203:5\n    at Generator.next (<anonymous>)\n    at fulfilled (file:///C:/wamp64/www/BoilerPlateSvelteKit/backend/services/authService.ts:4:58)\n    at processTicksAndRejections (node:internal/process/task_queues:95:5)","statusCode":401}
{"level":"info","message":"error from authRoutes INVALID_CREDENTIALS","name":"INVALID_CREDENTIALS","stack":"INVALID_CREDENTIALS: INVALID_CREDENTIALS\n    at throwError (file:///C:/wamp64/www/BoilerPlateSvelteKit/backend/services/authService.ts:33:9)\n    at file:///C:/wamp64/www/BoilerPlateSvelteKit/backend/services/authService.ts:203:5\n    at Generator.next (<anonymous>)\n    at fulfilled (file:///C:/wamp64/www/BoilerPlateSvelteKit/backend/services/authService.ts:4:58)\n    at processTicksAndRejections (node:internal/process/task_queues:95:5)","statusCode":401}
{"level":"info","message":"error from authRoutes INVALID_CREDENTIALS","name":"INVALID_CREDENTIALS","stack":"INVALID_CREDENTIALS: INVALID_CREDENTIALS\n    at throwError (file:///C:/wamp64/www/BoilerPlateSvelteKit/backend/services/authService.ts:33:9)\n    at file:///C:/wamp64/www/BoilerPlateSvelteKit/backend/services/authService.ts:203:5\n    at Generator.next (<anonymous>)\n    at fulfilled (file:///C:/wamp64/www/BoilerPlateSvelteKit/backend/services/authService.ts:4:58)\n    at processTicksAndRejections (node:internal/process/task_queues:95:5)","statusCode":401}
{"level":"info","message":"error from authRoutes INVALID_CREDENTIALS","name":"INVALID_CREDENTIALS","stack":"INVALID_CREDENTIALS: INVALID_CREDENTIALS\n    at throwError (file:///C:/wamp64/www/BoilerPlateSvelteKit/backend/services/authService.ts:33:9)\n    at file:///C:/wamp64/www/BoilerPlateSvelteKit/backend/services/authService.ts:203:5\n    at Generator.next (<anonymous>)\n    at fulfilled (file:///C:/wamp64/www/BoilerPlateSvelteKit/backend/services/authService.ts:4:58)\n    at processTicksAndRejections (node:internal/process/task_queues:95:5)","statusCode":401}
{"level":"info","message":"error from authRoutes INVALID_CREDENTIALS","name":"INVALID_CREDENTIALS","stack":"INVALID_CREDENTIALS: INVALID_CREDENTIALS\n    at throwError (file:///C:/wamp64/www/BoilerPlateSvelteKit/backend/services/authService.ts:33:9)\n    at file:///C:/wamp64/www/BoilerPlateSvelteKit/backend/services/authService.ts:203:5\n    at Generator.next (<anonymous>)\n    at fulfilled (file:///C:/wamp64/www/BoilerPlateSvelteKit/backend/services/authService.ts:4:58)\n    at processTicksAndRejections (node:internal/process/task_queues:95:5)","statusCode":401}
{"level":"info","message":"error from authRoutes INVALID_CREDENTIALS","name":"INVALID_CREDENTIALS","stack":"INVALID_CREDENTIALS: INVALID_CREDENTIALS\n    at throwError (file:///C:/wamp64/www/BoilerPlateSvelteKit/backend/services/authService.ts:33:9)\n    at file:///C:/wamp64/www/BoilerPlateSvelteKit/backend/services/authService.ts:203:5\n    at Generator.next (<anonymous>)\n    at fulfilled (file:///C:/wamp64/www/BoilerPlateSvelteKit/backend/services/authService.ts:4:58)\n    at processTicksAndRejections (node:internal/process/task_queues:95:5)","statusCode":401}
{"level":"info","message":"error from authRoutes INVALID_CREDENTIALS","name":"INVALID_CREDENTIALS","stack":"INVALID_CREDENTIALS: INVALID_CREDENTIALS\n    at throwError (file:///C:/wamp64/www/BoilerPlateSvelteKit/backend/services/authService.ts:33:9)\n    at file:///C:/wamp64/www/BoilerPlateSvelteKit/backend/services/authService.ts:203:5\n    at Generator.next (<anonymous>)\n    at fulfilled (file:///C:/wamp64/www/BoilerPlateSvelteKit/backend/services/authService.ts:4:58)\n    at processTicksAndRejections (node:internal/process/task_queues:95:5)","statusCode":401}
{"level":"info","message":"error from authRoutes INVALID_CREDENTIALS","name":"INVALID_CREDENTIALS","stack":"INVALID_CREDENTIALS: INVALID_CREDENTIALS\n    at throwError (file:///C:/wamp64/www/BoilerPlateSvelteKit/backend/services/authService.ts:33:9)\n    at file:///C:/wamp64/www/BoilerPlateSvelteKit/backend/services/authService.ts:203:5\n    at Generator.next (<anonymous>)\n    at fulfilled (file:///C:/wamp64/www/BoilerPlateSvelteKit/backend/services/authService.ts:4:58)\n    at processTicksAndRejections (node:internal/process/task_queues:95:5)","statusCode":401}
{"level":"info","message":"error from authRoutes INVALID_CREDENTIALS","name":"INVALID_CREDENTIALS","stack":"INVALID_CREDENTIALS: INVALID_CREDENTIALS\n    at throwError (file:///C:/wamp64/www/BoilerPlateSvelteKit/backend/services/authService.ts:33:9)\n    at file:///C:/wamp64/www/BoilerPlateSvelteKit/backend/services/authService.ts:203:5\n    at Generator.next (<anonymous>)\n    at fulfilled (file:///C:/wamp64/www/BoilerPlateSvelteKit/backend/services/authService.ts:4:58)\n    at processTicksAndRejections (node:internal/process/task_queues:95:5)","statusCode":401}
{"level":"info","message":"error from authRoutes INVALID_CREDENTIALS","name":"INVALID_CREDENTIALS","stack":"INVALID_CREDENTIALS: INVALID_CREDENTIALS\n    at throwError (file:///C:/wamp64/www/BoilerPlateSvelteKit/backend/services/authService.ts:33:9)\n    at file:///C:/wamp64/www/BoilerPlateSvelteKit/backend/services/authService.ts:203:5\n    at Generator.next (<anonymous>)\n    at fulfilled (file:///C:/wamp64/www/BoilerPlateSvelteKit/backend/services/authService.ts:4:58)\n    at processTicksAndRejections (node:internal/process/task_queues:95:5)","statusCode":401}
{"level":"info","message":"error from authRoutes INVALID_CREDENTIALS","name":"INVALID_CREDENTIALS","stack":"INVALID_CREDENTIALS: INVALID_CREDENTIALS\n    at throwError (file:///C:/wamp64/www/BoilerPlateSvelteKit/backend/services/authService.ts:33:9)\n    at file:///C:/wamp64/www/BoilerPlateSvelteKit/backend/services/authService.ts:203:5\n    at Generator.next (<anonymous>)\n    at fulfilled (file:///C:/wamp64/www/BoilerPlateSvelteKit/backend/services/authService.ts:4:58)\n    at processTicksAndRejections (node:internal/process/task_queues:95:5)","statusCode":401}
{"level":"info","message":"error from authRoutes INVALID_CREDENTIALS","name":"INVALID_CREDENTIALS","stack":"INVALID_CREDENTIALS: INVALID_CREDENTIALS\n    at throwError (file:///C:/wamp64/www/BoilerPlateSvelteKit/backend/services/authService.ts:33:9)\n    at file:///C:/wamp64/www/BoilerPlateSvelteKit/backend/services/authService.ts:203:5\n    at Generator.next (<anonymous>)\n    at fulfilled (file:///C:/wamp64/www/BoilerPlateSvelteKit/backend/services/authService.ts:4:58)\n    at processTicksAndRejections (node:internal/process/task_queues:95:5)","statusCode":401}
{"level":"info","message":"error from authRoutes INVALID_CREDENTIALS","name":"INVALID_CREDENTIALS","stack":"INVALID_CREDENTIALS: INVALID_CREDENTIALS\n    at throwError (file:///C:/wamp64/www/BoilerPlateSvelteKit/backend/services/authService.ts:33:9)\n    at file:///C:/wamp64/www/BoilerPlateSvelteKit/backend/services/authService.ts:203:5\n    at Generator.next (<anonymous>)\n    at fulfilled (file:///C:/wamp64/www/BoilerPlateSvelteKit/backend/services/authService.ts:4:58)\n    at processTicksAndRejections (node:internal/process/task_queues:95:5)","statusCode":401}
{"level":"info","message":"error from authRoutes INVALID_CREDENTIALS","name":"INVALID_CREDENTIALS","stack":"INVALID_CREDENTIALS: INVALID_CREDENTIALS\n    at throwError (file:///C:/wamp64/www/BoilerPlateSvelteKit/backend/services/authService.ts:33:9)\n    at file:///C:/wamp64/www/BoilerPlateSvelteKit/backend/services/authService.ts:203:5\n    at Generator.next (<anonymous>)\n    at fulfilled (file:///C:/wamp64/www/BoilerPlateSvelteKit/backend/services/authService.ts:4:58)\n    at processTicksAndRejections (node:internal/process/task_queues:95:5)","statusCode":401}
{"level":"info","message":"error from authRoutes INVALID_CREDENTIALS","name":"INVALID_CREDENTIALS","stack":"INVALID_CREDENTIALS: INVALID_CREDENTIALS\n    at throwError (file:///C:/wamp64/www/BoilerPlateSvelteKit/backend/services/authService.ts:33:9)\n    at file:///C:/wamp64/www/BoilerPlateSvelteKit/backend/services/authService.ts:203:5\n    at Generator.next (<anonymous>)\n    at fulfilled (file:///C:/wamp64/www/BoilerPlateSvelteKit/backend/services/authService.ts:4:58)\n    at processTicksAndRejections (node:internal/process/task_queues:95:5)","statusCode":401}
{"level":"info","message":"error from authRoutes INVALID_CREDENTIALS","name":"INVALID_CREDENTIALS","stack":"INVALID_CREDENTIALS: INVALID_CREDENTIALS\n    at throwError (file:///C:/wamp64/www/BoilerPlateSvelteKit/backend/services/authService.ts:33:9)\n    at file:///C:/wamp64/www/BoilerPlateSvelteKit/backend/services/authService.ts:203:5\n    at Generator.next (<anonymous>)\n    at fulfilled (file:///C:/wamp64/www/BoilerPlateSvelteKit/backend/services/authService.ts:4:58)\n    at processTicksAndRejections (node:internal/process/task_queues:95:5)","statusCode":401}
{"level":"info","message":"error from authRoutes INVALID_CREDENTIALS","name":"INVALID_CREDENTIALS","stack":"INVALID_CREDENTIALS: INVALID_CREDENTIALS\n    at throwError (file:///C:/wamp64/www/BoilerPlateSvelteKit/backend/services/authService.ts:33:9)\n    at file:///C:/wamp64/www/BoilerPlateSvelteKit/backend/services/authService.ts:203:5\n    at Generator.next (<anonymous>)\n    at fulfilled (file:///C:/wamp64/www/BoilerPlateSvelteKit/backend/services/authService.ts:4:58)\n    at processTicksAndRejections (node:internal/process/task_queues:95:5)","statusCode":401}
{"level":"info","message":"error from authRoutes INVALID_CREDENTIALS","name":"INVALID_CREDENTIALS","stack":"INVALID_CREDENTIALS: INVALID_CREDENTIALS\n    at throwError (file:///C:/wamp64/www/BoilerPlateSvelteKit/backend/services/authService.ts:33:9)\n    at file:///C:/wamp64/www/BoilerPlateSvelteKit/backend/services/authService.ts:203:5\n    at Generator.next (<anonymous>)\n    at fulfilled (file:///C:/wamp64/www/BoilerPlateSvelteKit/backend/services/authService.ts:4:58)\n    at processTicksAndRejections (node:internal/process/task_queues:95:5)","statusCode":401}
{"level":"info","message":"error from authRoutes INVALID_CREDENTIALS","name":"INVALID_CREDENTIALS","stack":"INVALID_CREDENTIALS: INVALID_CREDENTIALS\n    at throwError (file:///C:/wamp64/www/BoilerPlateSvelteKit/backend/services/authService.ts:33:9)\n    at file:///C:/wamp64/www/BoilerPlateSvelteKit/backend/services/authService.ts:203:5\n    at Generator.next (<anonymous>)\n    at fulfilled (file:///C:/wamp64/www/BoilerPlateSvelteKit/backend/services/authService.ts:4:58)\n    at processTicksAndRejections (node:internal/process/task_queues:95:5)","statusCode":401}
{"level":"info","message":"error from authRoutes INVALID_CREDENTIALS","name":"INVALID_CREDENTIALS","stack":"INVALID_CREDENTIALS: INVALID_CREDENTIALS\n    at throwError (file:///C:/wamp64/www/BoilerPlateSvelteKit/backend/services/authService.ts:33:9)\n    at file:///C:/wamp64/www/BoilerPlateSvelteKit/backend/services/authService.ts:203:5\n    at Generator.next (<anonymous>)\n    at fulfilled (file:///C:/wamp64/www/BoilerPlateSvelteKit/backend/services/authService.ts:4:58)\n    at processTicksAndRejections (node:internal/process/task_queues:95:5)","statusCode":401}
{"level":"info","message":"error from authRoutes INVALID_CREDENTIALS","name":"INVALID_CREDENTIALS","stack":"INVALID_CREDENTIALS: INVALID_CREDENTIALS\n    at throwError (file:///C:/wamp64/www/BoilerPlateSvelteKit/backend/services/authService.ts:33:9)\n    at file:///C:/wamp64/www/BoilerPlateSvelteKit/backend/services/authService.ts:203:5\n    at Generator.next (<anonymous>)\n    at fulfilled (file:///C:/wamp64/www/BoilerPlateSvelteKit/backend/services/authService.ts:4:58)\n    at processTicksAndRejections (node:internal/process/task_queues:95:5)","statusCode":401}
{"level":"info","message":"error from authRoutes INVALID_CREDENTIALS","name":"INVALID_CREDENTIALS","stack":"INVALID_CREDENTIALS: INVALID_CREDENTIALS\n    at throwError (file:///C:/wamp64/www/BoilerPlateSvelteKit/backend/services/authService.ts:33:9)\n    at file:///C:/wamp64/www/BoilerPlateSvelteKit/backend/services/authService.ts:203:5\n    at Generator.next (<anonymous>)\n    at fulfilled (file:///C:/wamp64/www/BoilerPlateSvelteKit/backend/services/authService.ts:4:58)\n    at processTicksAndRejections (node:internal/process/task_queues:95:5)","statusCode":401}
{"level":"info","message":"error from authRoutes INVALID_CREDENTIALS","name":"INVALID_CREDENTIALS","stack":"INVALID_CREDENTIALS: INVALID_CREDENTIALS\n    at throwError (file:///C:/wamp64/www/BoilerPlateSvelteKit/backend/services/authService.ts:33:9)\n    at file:///C:/wamp64/www/BoilerPlateSvelteKit/backend/services/authService.ts:203:5\n    at Generator.next (<anonymous>)\n    at fulfilled (file:///C:/wamp64/www/BoilerPlateSvelteKit/backend/services/authService.ts:4:58)\n    at processTicksAndRejections (node:internal/process/task_queues:95:5)","statusCode":401}
{"level":"info","message":"error from authRoutes INVALID_CREDENTIALS","name":"INVALID_CREDENTIALS","stack":"INVALID_CREDENTIALS: INVALID_CREDENTIALS\n    at throwError (file:///C:/wamp64/www/BoilerPlateSvelteKit/backend/services/authService.ts:33:9)\n    at file:///C:/wamp64/www/BoilerPlateSvelteKit/backend/services/authService.ts:203:5\n    at Generator.next (<anonymous>)\n    at fulfilled (file:///C:/wamp64/www/BoilerPlateSvelteKit/backend/services/authService.ts:4:58)\n    at processTicksAndRejections (node:internal/process/task_queues:95:5)","statusCode":401}
{"level":"info","message":"error from authRoutes INVALID_CREDENTIALS","name":"INVALID_CREDENTIALS","stack":"INVALID_CREDENTIALS: INVALID_CREDENTIALS\n    at throwError (file:///C:/wamp64/www/BoilerPlateSvelteKit/backend/services/authService.ts:33:9)\n    at file:///C:/wamp64/www/BoilerPlateSvelteKit/backend/services/authService.ts:203:5\n    at Generator.next (<anonymous>)\n    at fulfilled (file:///C:/wamp64/www/BoilerPlateSvelteKit/backend/services/authService.ts:4:58)\n    at processTicksAndRejections (node:internal/process/task_queues:95:5)","statusCode":401}
{"level":"info","message":"error from authRoutes INVALID_CREDENTIALS","name":"INVALID_CREDENTIALS","stack":"INVALID_CREDENTIALS: INVALID_CREDENTIALS\n    at throwError (file:///C:/wamp64/www/BoilerPlateSvelteKit/backend/services/authService.ts:33:9)\n    at file:///C:/wamp64/www/BoilerPlateSvelteKit/backend/services/authService.ts:203:5\n    at Generator.next (<anonymous>)\n    at fulfilled (file:///C:/wamp64/www/BoilerPlateSvelteKit/backend/services/authService.ts:4:58)\n    at processTicksAndRejections (node:internal/process/task_queues:95:5)","statusCode":401}
{"level":"info","message":"error from authRoutes INVALID_CREDENTIALS","name":"INVALID_CREDENTIALS","stack":"INVALID_CREDENTIALS: INVALID_CREDENTIALS\n    at throwError (file:///C:/wamp64/www/BoilerPlateSvelteKit/backend/services/authService.ts:33:9)\n    at file:///C:/wamp64/www/BoilerPlateSvelteKit/backend/services/authService.ts:203:5\n    at Generator.next (<anonymous>)\n    at fulfilled (file:///C:/wamp64/www/BoilerPlateSvelteKit/backend/services/authService.ts:4:58)\n    at processTicksAndRejections (node:internal/process/task_queues:95:5)","statusCode":401}
{"level":"info","message":"error from authRoutes INVALID_CREDENTIALS","name":"INVALID_CREDENTIALS","stack":"INVALID_CREDENTIALS: INVALID_CREDENTIALS\n    at throwError (file:///C:/wamp64/www/BoilerPlateSvelteKit/backend/services/authService.ts:33:9)\n    at file:///C:/wamp64/www/BoilerPlateSvelteKit/backend/services/authService.ts:203:5\n    at Generator.next (<anonymous>)\n    at fulfilled (file:///C:/wamp64/www/BoilerPlateSvelteKit/backend/services/authService.ts:4:58)\n    at processTicksAndRejections (node:internal/process/task_queues:95:5)","statusCode":401}
{"level":"info","message":"error from authRoutes INVALID_CREDENTIALS","name":"INVALID_CREDENTIALS","stack":"INVALID_CREDENTIALS: INVALID_CREDENTIALS\n    at throwError (file:///C:/wamp64/www/BoilerPlateSvelteKit/backend/services/authService.ts:33:9)\n    at file:///C:/wamp64/www/BoilerPlateSvelteKit/backend/services/authService.ts:203:5\n    at Generator.next (<anonymous>)\n    at fulfilled (file:///C:/wamp64/www/BoilerPlateSvelteKit/backend/services/authService.ts:4:58)\n    at processTicksAndRejections (node:internal/process/task_queues:95:5)","statusCode":401}
{"level":"info","message":"error from authRoutes INVALID_CREDENTIALS","name":"INVALID_CREDENTIALS","stack":"INVALID_CREDENTIALS: INVALID_CREDENTIALS\n    at throwError (file:///C:/wamp64/www/BoilerPlateSvelteKit/backend/services/authService.ts:33:9)\n    at file:///C:/wamp64/www/BoilerPlateSvelteKit/backend/services/authService.ts:203:5\n    at Generator.next (<anonymous>)\n    at fulfilled (file:///C:/wamp64/www/BoilerPlateSvelteKit/backend/services/authService.ts:4:58)\n    at processTicksAndRejections (node:internal/process/task_queues:95:5)","statusCode":401}
{"level":"info","message":"error from authRoutes INVALID_CREDENTIALS","name":"INVALID_CREDENTIALS","stack":"INVALID_CREDENTIALS: INVALID_CREDENTIALS\n    at throwError (file:///C:/wamp64/www/BoilerPlateSvelteKit/backend/services/authService.ts:33:9)\n    at file:///C:/wamp64/www/BoilerPlateSvelteKit/backend/services/authService.ts:203:5\n    at Generator.next (<anonymous>)\n    at fulfilled (file:///C:/wamp64/www/BoilerPlateSvelteKit/backend/services/authService.ts:4:58)\n    at processTicksAndRejections (node:internal/process/task_queues:95:5)","statusCode":401}
{"level":"info","message":"Client disconnected: sy84EoW66dLU9EBAAAAF"}
{"level":"info","message":"\nReceived exit signal, shutting down gracefully."}
{"level":"info","message":"Server running on port 2000"}
{"level":"info","message":"Connected to MongoDB"}
{"level":"info","message":"error from authRoutes INVALID_CREDENTIALS","name":"INVALID_CREDENTIALS","stack":"INVALID_CREDENTIALS: INVALID_CREDENTIALS\n    at throwError (file:///C:/wamp64/www/BoilerPlateSvelteKit/backend/services/authService.ts:33:9)\n    at file:///C:/wamp64/www/BoilerPlateSvelteKit/backend/services/authService.ts:203:5\n    at Generator.next (<anonymous>)\n    at fulfilled (file:///C:/wamp64/www/BoilerPlateSvelteKit/backend/services/authService.ts:4:58)\n    at processTicksAndRejections (node:internal/process/task_queues:95:5)","statusCode":401}
{"level":"info","message":"error from authRoutes INVALID_CREDENTIALS","name":"INVALID_CREDENTIALS","stack":"INVALID_CREDENTIALS: INVALID_CREDENTIALS\n    at throwError (file:///C:/wamp64/www/BoilerPlateSvelteKit/backend/services/authService.ts:33:9)\n    at file:///C:/wamp64/www/BoilerPlateSvelteKit/backend/services/authService.ts:203:5\n    at Generator.next (<anonymous>)\n    at fulfilled (file:///C:/wamp64/www/BoilerPlateSvelteKit/backend/services/authService.ts:4:58)\n    at processTicksAndRejections (node:internal/process/task_queues:95:5)","statusCode":401}
{"level":"info","message":"error from authRoutes INVALID_CREDENTIALS","name":"INVALID_CREDENTIALS","stack":"INVALID_CREDENTIALS: INVALID_CREDENTIALS\n    at throwError (file:///C:/wamp64/www/BoilerPlateSvelteKit/backend/services/authService.ts:33:9)\n    at file:///C:/wamp64/www/BoilerPlateSvelteKit/backend/services/authService.ts:203:5\n    at Generator.next (<anonymous>)\n    at fulfilled (file:///C:/wamp64/www/BoilerPlateSvelteKit/backend/services/authService.ts:4:58)\n    at processTicksAndRejections (node:internal/process/task_queues:95:5)","statusCode":401}
{"level":"info","message":"error from authRoutes INVALID_CREDENTIALS","name":"INVALID_CREDENTIALS","stack":"INVALID_CREDENTIALS: INVALID_CREDENTIALS\n    at throwError (file:///C:/wamp64/www/BoilerPlateSvelteKit/backend/services/authService.ts:33:9)\n    at file:///C:/wamp64/www/BoilerPlateSvelteKit/backend/services/authService.ts:203:5\n    at Generator.next (<anonymous>)\n    at fulfilled (file:///C:/wamp64/www/BoilerPlateSvelteKit/backend/services/authService.ts:4:58)\n    at processTicksAndRejections (node:internal/process/task_queues:95:5)","statusCode":401}
{"level":"info","message":"error from authRoutes INVALID_CREDENTIALS","name":"INVALID_CREDENTIALS","stack":"INVALID_CREDENTIALS: INVALID_CREDENTIALS\n    at throwError (file:///C:/wamp64/www/BoilerPlateSvelteKit/backend/services/authService.ts:33:9)\n    at file:///C:/wamp64/www/BoilerPlateSvelteKit/backend/services/authService.ts:203:5\n    at Generator.next (<anonymous>)\n    at fulfilled (file:///C:/wamp64/www/BoilerPlateSvelteKit/backend/services/authService.ts:4:58)\n    at processTicksAndRejections (node:internal/process/task_queues:95:5)","statusCode":401}
{"level":"info","message":"error from authRoutes INVALID_CREDENTIALS","name":"INVALID_CREDENTIALS","stack":"INVALID_CREDENTIALS: INVALID_CREDENTIALS\n    at throwError (file:///C:/wamp64/www/BoilerPlateSvelteKit/backend/services/authService.ts:33:9)\n    at file:///C:/wamp64/www/BoilerPlateSvelteKit/backend/services/authService.ts:203:5\n    at Generator.next (<anonymous>)\n    at fulfilled (file:///C:/wamp64/www/BoilerPlateSvelteKit/backend/services/authService.ts:4:58)\n    at processTicksAndRejections (node:internal/process/task_queues:95:5)","statusCode":401}
{"level":"info","message":"error from authRoutes INVALID_CREDENTIALS","name":"INVALID_CREDENTIALS","stack":"INVALID_CREDENTIALS: INVALID_CREDENTIALS\n    at throwError (file:///C:/wamp64/www/BoilerPlateSvelteKit/backend/services/authService.ts:33:9)\n    at file:///C:/wamp64/www/BoilerPlateSvelteKit/backend/services/authService.ts:203:5\n    at Generator.next (<anonymous>)\n    at fulfilled (file:///C:/wamp64/www/BoilerPlateSvelteKit/backend/services/authService.ts:4:58)\n    at processTicksAndRejections (node:internal/process/task_queues:95:5)","statusCode":401}
{"level":"info","message":"error from authRoutes INVALID_CREDENTIALS","name":"INVALID_CREDENTIALS","stack":"INVALID_CREDENTIALS: INVALID_CREDENTIALS\n    at throwError (file:///C:/wamp64/www/BoilerPlateSvelteKit/backend/services/authService.ts:33:9)\n    at file:///C:/wamp64/www/BoilerPlateSvelteKit/backend/services/authService.ts:203:5\n    at Generator.next (<anonymous>)\n    at fulfilled (file:///C:/wamp64/www/BoilerPlateSvelteKit/backend/services/authService.ts:4:58)\n    at processTicksAndRejections (node:internal/process/task_queues:95:5)","statusCode":401}
{"level":"info","message":"error from authRoutes INVALID_CREDENTIALS","name":"INVALID_CREDENTIALS","stack":"INVALID_CREDENTIALS: INVALID_CREDENTIALS\n    at throwError (file:///C:/wamp64/www/BoilerPlateSvelteKit/backend/services/authService.ts:33:9)\n    at file:///C:/wamp64/www/BoilerPlateSvelteKit/backend/services/authService.ts:203:5\n    at Generator.next (<anonymous>)\n    at fulfilled (file:///C:/wamp64/www/BoilerPlateSvelteKit/backend/services/authService.ts:4:58)\n    at processTicksAndRejections (node:internal/process/task_queues:95:5)","statusCode":401}
{"level":"info","message":"error from authRoutes INVALID_CREDENTIALS","name":"INVALID_CREDENTIALS","stack":"INVALID_CREDENTIALS: INVALID_CREDENTIALS\n    at throwError (file:///C:/wamp64/www/BoilerPlateSvelteKit/backend/services/authService.ts:33:9)\n    at file:///C:/wamp64/www/BoilerPlateSvelteKit/backend/services/authService.ts:203:5\n    at Generator.next (<anonymous>)\n    at fulfilled (file:///C:/wamp64/www/BoilerPlateSvelteKit/backend/services/authService.ts:4:58)\n    at processTicksAndRejections (node:internal/process/task_queues:95:5)","statusCode":401}
{"level":"info","message":"error from authRoutes INVALID_CREDENTIALS","name":"INVALID_CREDENTIALS","stack":"INVALID_CREDENTIALS: INVALID_CREDENTIALS\n    at throwError (file:///C:/wamp64/www/BoilerPlateSvelteKit/backend/services/authService.ts:33:9)\n    at file:///C:/wamp64/www/BoilerPlateSvelteKit/backend/services/authService.ts:203:5\n    at Generator.next (<anonymous>)\n    at fulfilled (file:///C:/wamp64/www/BoilerPlateSvelteKit/backend/services/authService.ts:4:58)\n    at processTicksAndRejections (node:internal/process/task_queues:95:5)","statusCode":401}
{"level":"info","message":"error from authRoutes INVALID_CREDENTIALS","name":"INVALID_CREDENTIALS","stack":"INVALID_CREDENTIALS: INVALID_CREDENTIALS\n    at throwError (file:///C:/wamp64/www/BoilerPlateSvelteKit/backend/services/authService.ts:33:9)\n    at file:///C:/wamp64/www/BoilerPlateSvelteKit/backend/services/authService.ts:203:5\n    at Generator.next (<anonymous>)\n    at fulfilled (file:///C:/wamp64/www/BoilerPlateSvelteKit/backend/services/authService.ts:4:58)\n    at processTicksAndRejections (node:internal/process/task_queues:95:5)","statusCode":401}
{"level":"info","message":"error from authRoutes INVALID_CREDENTIALS","name":"INVALID_CREDENTIALS","stack":"INVALID_CREDENTIALS: INVALID_CREDENTIALS\n    at throwError (file:///C:/wamp64/www/BoilerPlateSvelteKit/backend/services/authService.ts:33:9)\n    at file:///C:/wamp64/www/BoilerPlateSvelteKit/backend/services/authService.ts:203:5\n    at Generator.next (<anonymous>)\n    at fulfilled (file:///C:/wamp64/www/BoilerPlateSvelteKit/backend/services/authService.ts:4:58)\n    at processTicksAndRejections (node:internal/process/task_queues:95:5)","statusCode":401}
{"level":"info","message":"error from authRoutes INVALID_CREDENTIALS","name":"INVALID_CREDENTIALS","stack":"INVALID_CREDENTIALS: INVALID_CREDENTIALS\n    at throwError (file:///C:/wamp64/www/BoilerPlateSvelteKit/backend/services/authService.ts:33:9)\n    at file:///C:/wamp64/www/BoilerPlateSvelteKit/backend/services/authService.ts:203:5\n    at Generator.next (<anonymous>)\n    at fulfilled (file:///C:/wamp64/www/BoilerPlateSvelteKit/backend/services/authService.ts:4:58)\n    at processTicksAndRejections (node:internal/process/task_queues:95:5)","statusCode":401}
{"level":"info","message":"error from authRoutes INVALID_CREDENTIALS","name":"INVALID_CREDENTIALS","stack":"INVALID_CREDENTIALS: INVALID_CREDENTIALS\n    at throwError (file:///C:/wamp64/www/BoilerPlateSvelteKit/backend/services/authService.ts:33:9)\n    at file:///C:/wamp64/www/BoilerPlateSvelteKit/backend/services/authService.ts:203:5\n    at Generator.next (<anonymous>)\n    at fulfilled (file:///C:/wamp64/www/BoilerPlateSvelteKit/backend/services/authService.ts:4:58)\n    at processTicksAndRejections (node:internal/process/task_queues:95:5)","statusCode":401}
{"level":"info","message":"error from authRoutes INVALID_CREDENTIALS","name":"INVALID_CREDENTIALS","stack":"INVALID_CREDENTIALS: INVALID_CREDENTIALS\n    at throwError (file:///C:/wamp64/www/BoilerPlateSvelteKit/backend/services/authService.ts:33:9)\n    at file:///C:/wamp64/www/BoilerPlateSvelteKit/backend/services/authService.ts:203:5\n    at Generator.next (<anonymous>)\n    at fulfilled (file:///C:/wamp64/www/BoilerPlateSvelteKit/backend/services/authService.ts:4:58)\n    at processTicksAndRejections (node:internal/process/task_queues:95:5)","statusCode":401}
{"level":"info","message":"error from authRoutes INVALID_CREDENTIALS","name":"INVALID_CREDENTIALS","stack":"INVALID_CREDENTIALS: INVALID_CREDENTIALS\n    at throwError (file:///C:/wamp64/www/BoilerPlateSvelteKit/backend/services/authService.ts:33:9)\n    at file:///C:/wamp64/www/BoilerPlateSvelteKit/backend/services/authService.ts:203:5\n    at Generator.next (<anonymous>)\n    at fulfilled (file:///C:/wamp64/www/BoilerPlateSvelteKit/backend/services/authService.ts:4:58)\n    at processTicksAndRejections (node:internal/process/task_queues:95:5)","statusCode":401}
{"level":"info","message":"error from authRoutes INVALID_CREDENTIALS","name":"INVALID_CREDENTIALS","stack":"INVALID_CREDENTIALS: INVALID_CREDENTIALS\n    at throwError (file:///C:/wamp64/www/BoilerPlateSvelteKit/backend/services/authService.ts:33:9)\n    at file:///C:/wamp64/www/BoilerPlateSvelteKit/backend/services/authService.ts:203:5\n    at Generator.next (<anonymous>)\n    at fulfilled (file:///C:/wamp64/www/BoilerPlateSvelteKit/backend/services/authService.ts:4:58)\n    at processTicksAndRejections (node:internal/process/task_queues:95:5)","statusCode":401}
{"level":"info","message":"error from authRoutes INVALID_CREDENTIALS","name":"INVALID_CREDENTIALS","stack":"INVALID_CREDENTIALS: INVALID_CREDENTIALS\n    at throwError (file:///C:/wamp64/www/BoilerPlateSvelteKit/backend/services/authService.ts:33:9)\n    at file:///C:/wamp64/www/BoilerPlateSvelteKit/backend/services/authService.ts:203:5\n    at Generator.next (<anonymous>)\n    at fulfilled (file:///C:/wamp64/www/BoilerPlateSvelteKit/backend/services/authService.ts:4:58)\n    at processTicksAndRejections (node:internal/process/task_queues:95:5)","statusCode":401}
{"level":"info","message":"error from authRoutes INVALID_CREDENTIALS","name":"INVALID_CREDENTIALS","stack":"INVALID_CREDENTIALS: INVALID_CREDENTIALS\n    at throwError (file:///C:/wamp64/www/BoilerPlateSvelteKit/backend/services/authService.ts:33:9)\n    at file:///C:/wamp64/www/BoilerPlateSvelteKit/backend/services/authService.ts:203:5\n    at Generator.next (<anonymous>)\n    at fulfilled (file:///C:/wamp64/www/BoilerPlateSvelteKit/backend/services/authService.ts:4:58)\n    at processTicksAndRejections (node:internal/process/task_queues:95:5)","statusCode":401}
{"level":"info","message":"\nReceived exit signal, shutting down gracefully."}
{"level":"info","message":"Server running on port 2000"}
{"level":"info","message":"Connected to MongoDB"}
{"level":"info","message":"error from authRoutes INVALID_CREDENTIALS","name":"INVALID_CREDENTIALS","stack":"INVALID_CREDENTIALS: INVALID_CREDENTIALS\n    at throwError (file:///C:/wamp64/www/BoilerPlateSvelteKit/backend/services/authService.ts:33:9)\n    at file:///C:/wamp64/www/BoilerPlateSvelteKit/backend/services/authService.ts:203:5\n    at Generator.next (<anonymous>)\n    at fulfilled (file:///C:/wamp64/www/BoilerPlateSvelteKit/backend/services/authService.ts:4:58)\n    at processTicksAndRejections (node:internal/process/task_queues:95:5)","statusCode":401}
{"level":"info","message":"error from authRoutes INVALID_CREDENTIALS","name":"INVALID_CREDENTIALS","stack":"INVALID_CREDENTIALS: INVALID_CREDENTIALS\n    at throwError (file:///C:/wamp64/www/BoilerPlateSvelteKit/backend/services/authService.ts:33:9)\n    at file:///C:/wamp64/www/BoilerPlateSvelteKit/backend/services/authService.ts:203:5\n    at Generator.next (<anonymous>)\n    at fulfilled (file:///C:/wamp64/www/BoilerPlateSvelteKit/backend/services/authService.ts:4:58)\n    at processTicksAndRejections (node:internal/process/task_queues:95:5)","statusCode":401}
{"level":"info","message":"error from authRoutes INVALID_CREDENTIALS","name":"INVALID_CREDENTIALS","stack":"INVALID_CREDENTIALS: INVALID_CREDENTIALS\n    at throwError (file:///C:/wamp64/www/BoilerPlateSvelteKit/backend/services/authService.ts:33:9)\n    at file:///C:/wamp64/www/BoilerPlateSvelteKit/backend/services/authService.ts:203:5\n    at Generator.next (<anonymous>)\n    at fulfilled (file:///C:/wamp64/www/BoilerPlateSvelteKit/backend/services/authService.ts:4:58)\n    at processTicksAndRejections (node:internal/process/task_queues:95:5)","statusCode":401}
{"level":"info","message":"error from authRoutes INVALID_CREDENTIALS","name":"INVALID_CREDENTIALS","stack":"INVALID_CREDENTIALS: INVALID_CREDENTIALS\n    at throwError (file:///C:/wamp64/www/BoilerPlateSvelteKit/backend/services/authService.ts:33:9)\n    at file:///C:/wamp64/www/BoilerPlateSvelteKit/backend/services/authService.ts:203:5\n    at Generator.next (<anonymous>)\n    at fulfilled (file:///C:/wamp64/www/BoilerPlateSvelteKit/backend/services/authService.ts:4:58)\n    at processTicksAndRejections (node:internal/process/task_queues:95:5)","statusCode":401}
{"level":"info","message":"error from authRoutes INVALID_CREDENTIALS","name":"INVALID_CREDENTIALS","stack":"INVALID_CREDENTIALS: INVALID_CREDENTIALS\n    at throwError (file:///C:/wamp64/www/BoilerPlateSvelteKit/backend/services/authService.ts:33:9)\n    at file:///C:/wamp64/www/BoilerPlateSvelteKit/backend/services/authService.ts:203:5\n    at Generator.next (<anonymous>)\n    at fulfilled (file:///C:/wamp64/www/BoilerPlateSvelteKit/backend/services/authService.ts:4:58)\n    at processTicksAndRejections (node:internal/process/task_queues:95:5)","statusCode":401}
{"level":"info","message":"New client connected: 42n6l2t8b6-jVzBAAAAB"}
{"level":"info","message":"\nReceived exit signal, shutting down gracefully."}
{"level":"info","message":"Server running on port 2000"}
{"level":"info","message":"Connected to MongoDB"}
{"level":"info","message":"New client connected: IVYWBHHGXewSBe0IAAAB"}
{"level":"info","message":"New client connected: rXYxK9vUvvDsvOWoAAAD"}
{"level":"info","message":"Client disconnected: IVYWBHHGXewSBe0IAAAB"}
{"level":"info","message":"New client connected: i9wZXaT5BBjnnXEUAAAF"}
{"level":"info","message":"Client disconnected: i9wZXaT5BBjnnXEUAAAF"}
{"level":"info","message":"New client connected: eEPMNCdv8teDi-s3AAAH"}
{"level":"info","message":"\nReceived exit signal, shutting down gracefully."}
{"level":"info","message":"Server running on port 2000"}
{"level":"info","message":"Connected to MongoDB"}
{"level":"info","message":"New client connected: lIlf91pGp-x5Pq37AAAB"}
{"level":"info","message":"New client connected: VmI80o7eNHkrZtzHAAAD"}
{"level":"info","message":"Client disconnected: lIlf91pGp-x5Pq37AAAB"}
{"level":"info","message":"New client connected: l1qZZn-L5rNLIfzNAAAF"}
{"level":"info","message":"Client disconnected: l1qZZn-L5rNLIfzNAAAF"}
{"level":"info","message":"New client connected: g4ETskRGUXFO7EWuAAAH"}
{"level":"info","message":"Client disconnected: g4ETskRGUXFO7EWuAAAH"}
{"level":"info","message":"New client connected: kvrXJTJ8s0omsVqRAAAJ"}
{"level":"info","message":"Client disconnected: kvrXJTJ8s0omsVqRAAAJ"}
{"level":"info","message":"New client connected: JKuZuj6mUvlBEvrzAAAL"}
{"level":"info","message":"Client disconnected: JKuZuj6mUvlBEvrzAAAL"}
{"level":"info","message":"New client connected: 4NMy4mgBuE1ODgBYAAAN"}
{"level":"info","message":"Client disconnected: 4NMy4mgBuE1ODgBYAAAN"}
{"level":"info","message":"New client connected: YVbRwBv8zKdu70yzAAAP"}
{"level":"info","message":"Client disconnected: YVbRwBv8zKdu70yzAAAP"}
{"level":"info","message":"New client connected: 036ktCTQ5VDE_S47AAAR"}
{"level":"info","message":"Client disconnected: 036ktCTQ5VDE_S47AAAR"}
{"level":"info","message":"New client connected: NQE-GDmrFfAgT5thAAAT"}
{"level":"info","message":"Client disconnected: NQE-GDmrFfAgT5thAAAT"}
{"level":"info","message":"New client connected: SEdPkTM_4VMO-XKBAAAV"}
{"level":"info","message":"Client disconnected: SEdPkTM_4VMO-XKBAAAV"}
{"level":"info","message":"New client connected: hktqo3caP9gy5DuvAAAX"}
{"level":"info","message":"Client disconnected: hktqo3caP9gy5DuvAAAX"}
{"level":"info","message":"New client connected: kl3ZXp_dV6aHqPnBAAAZ"}
{"level":"info","message":"Client disconnected: kl3ZXp_dV6aHqPnBAAAZ"}
{"level":"info","message":"New client connected: xUhJH2OrRG5dHSDVAAAb"}
{"level":"info","message":"Greeting deleted from client: xUhJH2OrRG5dHSDVAAAb"}
{"level":"info","message":"Greeting deleted from client: xUhJH2OrRG5dHSDVAAAb"}
{"level":"info","message":"Greeting deleted from client: xUhJH2OrRG5dHSDVAAAb"}
{"level":"info","message":"Client disconnected: xUhJH2OrRG5dHSDVAAAb"}
{"level":"info","message":"New client connected: fTxm5cvTNAn3dNsxAAAd"}
{"level":"info","message":"\nReceived exit signal, shutting down gracefully."}
{"level":"info","message":"Server running on port 2000"}
{"level":"info","message":"Connected to MongoDB"}
{"level":"info","message":"New client connected: ETO_ZC-68PTHxknUAAAB"}
{"level":"info","message":"New client connected: f7grUeKL-sXdlAuwAAAD"}
{"level":"info","message":"Client disconnected: f7grUeKL-sXdlAuwAAAD"}
{"level":"info","message":"New client connected: 4xPf4UAflt7V-gYpAAAF"}
{"level":"info","message":"Client disconnected: 4xPf4UAflt7V-gYpAAAF"}
{"level":"info","message":"New client connected: vz7_lDXy7IuvYnI9AAAH"}
{"level":"info","message":"New client connected: c1-MJVZsRQFEiBJkAAAJ"}
{"level":"info","message":"Client disconnected: c1-MJVZsRQFEiBJkAAAJ"}
{"level":"info","message":"New client connected: KzLsf5yIOINEn1ZtAAAL"}
{"level":"info","message":"Server running on port 2000"}
{"level":"info","message":"Server running on port 2000"}
{"level":"info","message":"New client connected: 5s_bOncF-ues61wmAAAB"}
{"level":"info","message":"New client connected: tqcL_oRFjQVQLX9AAAAD"}
{"level":"info","message":"Client disconnected: tqcL_oRFjQVQLX9AAAAD"}
{"level":"info","message":"New client connected: I5firilZTNwYSZnKAAAF"}
{"level":"info","message":"New client connected: cQk5kQnh5VsoJH86AAAH"}
{"level":"info","message":"Server running on port 2000"}
{"level":"info","message":"Connected to MongoDB"}
{"level":"info","message":"New client connected: Y2GhC9srvXxCaYqlAAAB"}
{"level":"info","message":"New client connected: x2KUmgZSdxoYQxqVAAAD"}
{"level":"info","message":"Client disconnected: Y2GhC9srvXxCaYqlAAAB"}
{"level":"info","message":"New client connected: Yn30b65NSwK2DjUlAAAF"}
{"level":"info","message":"Client disconnected: Yn30b65NSwK2DjUlAAAF"}
{"level":"info","message":"New client connected: iEeUM6kwwghwURZbAAAH"}
{"level":"info","message":"Client disconnected: iEeUM6kwwghwURZbAAAH"}
{"level":"info","message":"New client connected: GeO_rpbq5D6O3ChTAAAJ"}
{"level":"info","message":"Client disconnected: GeO_rpbq5D6O3ChTAAAJ"}
{"level":"info","message":"New client connected: AfP93EHjtuWWRm21AAAL"}
{"level":"info","message":"Client disconnected: AfP93EHjtuWWRm21AAAL"}
{"level":"info","message":"New client connected: lKWTsnG2E5DT47jUAAAN"}
{"level":"info","message":"\nReceived exit signal, shutting down gracefully."}
{"level":"info","message":"Server running on port 2000"}
{"level":"info","message":"Connected to MongoDB"}
{"level":"info","message":"New client connected: wYzMDUL2dd6MghQyAAAB"}
{"level":"info","message":"New client connected: bSvFu5qnGzRkpq9rAAAD"}
{"level":"info","message":"Client disconnected: wYzMDUL2dd6MghQyAAAB"}
{"level":"info","message":"New client connected: K2g6NVitU-UdifHGAAAF"}
{"level":"info","message":"Client disconnected: K2g6NVitU-UdifHGAAAF"}
{"level":"info","message":"Client disconnected: bSvFu5qnGzRkpq9rAAAD"}
{"level":"info","message":"New client connected: ls1Y40WyIpiQQdHrAAAH"}
{"level":"info","message":"New client connected: vWZyzbvV91W7v_OmAAAJ"}
{"level":"info","message":"Client disconnected: vWZyzbvV91W7v_OmAAAJ"}
{"level":"info","message":"Client disconnected: ls1Y40WyIpiQQdHrAAAH"}
{"level":"info","message":"New client connected: RIdbpBLDgpD_DYpaAAAL"}
{"level":"info","message":"New client connected: ungiFOc6Ao2JC9rUAAAN"}
{"level":"info","message":"Client disconnected: ungiFOc6Ao2JC9rUAAAN"}
{"level":"info","message":"New client connected: 9_dLpUu6r1H-XnDQAAAP"}
{"level":"info","message":"Greeting deleted from client: 9_dLpUu6r1H-XnDQAAAP"}
{"level":"info","message":"Client disconnected: 9_dLpUu6r1H-XnDQAAAP"}
{"level":"info","message":"New client connected: p80_ul0cc96517KeAAAR"}
{"level":"info","message":"Client disconnected: p80_ul0cc96517KeAAAR"}
{"level":"info","message":"error from authRoutes INVALID_CREDENTIALS","name":"INVALID_CREDENTIALS","stack":"INVALID_CREDENTIALS: INVALID_CREDENTIALS\n    at throwError (file:///C:/wamp64/www/BoilerPlateSvelteKit/backend/services/authService.ts:33:9)\n    at file:///C:/wamp64/www/BoilerPlateSvelteKit/backend/services/authService.ts:215:5\n    at Generator.next (<anonymous>)\n    at fulfilled (file:///C:/wamp64/www/BoilerPlateSvelteKit/backend/services/authService.ts:4:58)","statusCode":401}
{"level":"info","message":"New client connected: hq4ZKLowEevomjAKAAAU"}
{"level":"info","message":"Client disconnected: hq4ZKLowEevomjAKAAAU"}
{"level":"info","message":"New client connected: lDabX6a6L3XM2sQ3AAAW"}
{"level":"info","message":"Greeting sent from client: lDabX6a6L3XM2sQ3AAAW"}
{"level":"info","message":"Greeting sent from client: lDabX6a6L3XM2sQ3AAAW"}
{"level":"info","message":"Greeting sent from client: lDabX6a6L3XM2sQ3AAAW"}
{"level":"info","message":"Greeting sent from client: lDabX6a6L3XM2sQ3AAAW"}
{"level":"info","message":"Greeting sent from client: lDabX6a6L3XM2sQ3AAAW"}
{"level":"info","message":"Client disconnected: lDabX6a6L3XM2sQ3AAAW"}
{"level":"info","message":"New client connected: ArlbNcxUuh9MAMm4AAAY"}
{"level":"info","message":"Client disconnected: ArlbNcxUuh9MAMm4AAAY"}
{"level":"info","message":"New client connected: 9cJ90lulNstlIZbtAAAa"}
{"level":"info","message":"Client disconnected: 9cJ90lulNstlIZbtAAAa"}
{"level":"info","message":"New client connected: 3IOSllz0ZugJD5maAAAc"}
{"level":"info","message":"New client connected: ayVxrq73xowb_VdbAAAe"}
{"level":"info","message":"Client disconnected: ayVxrq73xowb_VdbAAAe"}
{"level":"info","message":"Greeting sent from client: 3IOSllz0ZugJD5maAAAc"}
{"level":"info","message":"Server running on port 2000"}
{"level":"info","message":"Connected to MongoDB"}
{"level":"info","message":"New client connected: hdABJat7AB0mwxBHAAAB"}
{"level":"info","message":"New client connected: wH5jiOGjha4W7asiAAAD"}
{"level":"info","message":"Greeting sent from client: wH5jiOGjha4W7asiAAAD"}
{"level":"info","message":"Client disconnected: wH5jiOGjha4W7asiAAAD"}
