Arguments: 
  C:\Program Files\nodejs\node.exe C:\Program Files (x86)\Yarn\bin\yarn.js install --force

PATH: 
  C:\Program Files\MongoDB\Server\7.0\bin;C:\Program Files (x86)\Common Files\Intel\Shared Libraries\redist\intel64\compiler;C:\WINDOWS\system32;C:\WINDOWS;C:\WINDOWS\System32\Wbem;C:\WINDOWS\System32\WindowsPowerShell\v1.0\;C:\WINDOWS\System32\OpenSSH\;C:\Program Files\NVIDIA Corporation\NVIDIA NvDLISR;C:\Program Files (x86)\NVIDIA Corporation\PhysX\Common;C:\ProgramData\chocolatey\bin;C:\Program Files\dotnet\;C:\WINDOWS\system32;C:\WINDOWS;C:\WINDOWS\System32\Wbem;C:\WINDOWS\System32\WindowsPowerShell\v1.0\;C:\WINDOWS\System32\OpenSSH\;C:\Program Files\Git\cmd;C:\ProgramData\ComposerSetup\bin;C:\Program Files (x86)\Yarn\bin\;C:\Program Files\nodejs\;C:\Program Files\Docker\Docker\resources\bin;C:\Program Files\Docker\Docker\resources\bin;C:\Users\proje\AppData\Local\Microsoft\WindowsApps;C:\Users\proje\AppData\Local\.meteor;C:\Users\proje\AppData\Local\.meteor\;C:\Users\proje\AppData\Local\.meteor;C:\wamp64\bin\php\php7.4.9;C:\Users\proje\AppData\Local\GitHubDesktop\bin;C:\Users\proje\AppData\Roaming\Composer\vendor\bin;C:\Users\proje\AppData\Local\Yarn\bin;C:\Users\proje\AppData\Roaming\npm;C:\Users\proje\AppData\Local\Programs\Microsoft VS Code\bin;C:\Program Files\MongoDB\Server\7.0\bin;

Yarn version: 
  1.22.19

Node version: 
  19.7.0

Platform: 
  win32 x64

Trace: 
  Error: https://registry.npmjs.org/bcryptjs: tunneling socket could not be established, cause=getaddrinfo ENOTFOUND host
      at ClientRequest.onError (C:\Program Files (x86)\Yarn\lib\cli.js:152376:17)
      at Object.onceWrapper (node:events:627:26)
      at ClientRequest.emit (node:events:512:28)
      at Socket.socketErrorListener (node:_http_client:496:9)
      at Socket.emit (node:events:512:28)
      at emitErrorNT (node:internal/streams/destroy:151:8)
      at emitErrorCloseNT (node:internal/streams/destroy:116:3)
      at process.processTicksAndRejections (node:internal/process/task_queues:82:21)

npm manifest: 
  {
    "name": "backend",
    "version": "1.0.0",
    "type": "module",
    "description": "",
    "main": "index.js",
    "scripts": {
      "build": "tsc",
      "start": "cross-env NODE_ENV=production node dist/index.js",
      "dev": "cross-env NODE_ENV=development nodemon --watch 'src/**/*.ts' --exec 'node --loader ts-node/esm' ./index.ts",
      "cleardb": "ts-node clear-db.ts",
      "docs": "typedoc --out docs"
    },
    "keywords": [],
    "author": "",
    "license": "ISC",
    "dependencies": {
      "bcryptjs": "^2.4.3",
      "cors": "^2.8.5",
      "crypto-js": "^4.1.1",
      "dotenv": "^16.3.1",
      "express": "^4.18.2",
      "express-rate-limit": "^7.0.1",
      "jsonwebtoken": "^9.0.2",
      "mongoose": "^7.6.3",
      "nodemailer": "^6.9.5",
      "winston": "^3.10.0"
    },
    "devDependencies": {
      "@types/cookie-parser": "^1.4.5",
      "@types/cors": "^2.8.15",
      "@types/express": "^4.17.20",
      "@types/jsonwebtoken": "^9.0.4",
      "@types/mongoose": "^5.11.97",
      "@types/node": "^20.8.6",
      "@types/nodemailer": "^6.4.11",
      "cross-env": "^7.0.3",
      "jsdoc": "^4.0.2",
      "nodemon": "^3.0.1",
      "ts-node": "^10.9.1",
      "typedoc": "^0.25.2",
      "typescript": "^5.2.2"
    }
  }

yarn manifest: 
  No manifest

Lockfile: 
  No lockfile
